// 重构日志: 9839e35d
// 重构日志: 831efd60
// 重构日志: 47df0d74
// 同步 ID: dc28095d @ Sat Jul  4 12:33:23 UTC 2026
// 重构日志: 23c7a331
// 重构日志: c0844570
// 重构日志: 29cb23a4
// 重构日志: 2b278396
// 重构日志: b5a918a2
// 重构日志: 58c023f0
// 同步 ID: 1647fa59 @ Sat Jul 18 12:03:22 UTC 2026
// 重构日志: 787ee2da
// 同步 ID: b27ed78b @ Mon Jul 20 11:42:32 UTC 2026
// 同步 ID: b230abb4 @ Tue Jul 21 01:54:21 UTC 2026
// 重构日志: 7337b4e3
// 重构日志: fd7760ac
// 重构日志: 338ec330
// 重构日志: 396c6f99
// 重构日志: b9b35ee1
// 重构日志: 248844bc
// 同步 ID: 848c47b8 @ Wed Jul 22 07:26:32 UTC 2026
